<?xml version="1.0" encoding="UTF-8"?>
<!-- Generated by org.testng.reporters.JUnitReportReporter -->
<testsuite hostname="van3-qatsm004.local" name="tests.ios.TestSet1" tests="1" failures="0" timestamp="16 Sep 2015 19:03:53 GMT" time="0.021" errors="0">
  <testcase name="testMethod1" time="0.021" classname="tests.ios.TestSet1"/>
</testsuite> <!-- tests.ios.TestSet1 -->
